app/build/intermediates/manifest_merge_blame_file/debug/manifest-merger-blame-debug-report.txt
1<?xml version="1.0" encoding="utf-8"?>
2<manifest xmlns:android="http://schemas.android.com/apk/res/android"
3    package="com.example.pill_box"
4    android:versionCode="1"
5    android:versionName="1.0" >
6
7    <uses-sdk
8        android:minSdkVersion="21"
8-->src\main\AndroidManifest.xml
9        android:targetSdkVersion="31" />
9-->src\main\AndroidManifest.xml
10
11    <application
11-->src\main\AndroidManifest.xml:5:5-53:19
12        android:allowBackup="true"
12-->src\main\AndroidManifest.xml:6:9-35
13        android:appComponentFactory="androidx.core.app.CoreComponentFactory"
13-->[androidx.core:core:1.8.0-beta01] AndroidManifest.xml:24:18-86
14        android:debuggable="true"
15        android:icon="@mipmap/ic_launcher"
15-->src\main\AndroidManifest.xml:7:9-43
16        android:label="@string/app_name"
16-->src\main\AndroidManifest.xml:8:9-41
17        android:roundIcon="@mipmap/ic_launcher_round"
17-->src\main\AndroidManifest.xml:9:9-54
18        android:supportsRtl="true"
18-->src\main\AndroidManifest.xml:10:9-35
19        android:testOnly="true"
20        android:theme="@style/Theme.Pill_Box" >
20-->src\main\AndroidManifest.xml:11:9-46
21        <activity
21-->src\main\AndroidManifest.xml:12:9-14:40
22            android:name="com.pastillasCreator.pill_box.actividades.AppointmentEditorActivity"
22-->src\main\AndroidManifest.xml:13:13-95
23            android:exported="false" />
23-->src\main\AndroidManifest.xml:14:13-37
24        <activity
24-->src\main\AndroidManifest.xml:15:9-17:40
25            android:name="com.pastillasCreator.pill_box.actividades.PillEditorActivity"
25-->src\main\AndroidManifest.xml:16:13-88
26            android:exported="false" />
26-->src\main\AndroidManifest.xml:17:13-37
27        <activity
27-->src\main\AndroidManifest.xml:18:9-20:40
28            android:name="com.pastillasCreator.pill_box.actividades.HelpActivity"
28-->src\main\AndroidManifest.xml:19:13-82
29            android:exported="false" />
29-->src\main\AndroidManifest.xml:20:13-37
30        <activity
30-->src\main\AndroidManifest.xml:21:9-23:39
31            android:name="com.pastillasCreator.pill_box.actividades.PillAccumulatorActivity"
31-->src\main\AndroidManifest.xml:22:13-93
32            android:exported="true" />
32-->src\main\AndroidManifest.xml:23:13-36
33        <activity
33-->src\main\AndroidManifest.xml:24:9-26:39
34            android:name="com.pastillasCreator.pill_box.actividades.PillShower"
34-->src\main\AndroidManifest.xml:25:13-80
35            android:exported="true" />
35-->src\main\AndroidManifest.xml:26:13-36
36        <activity
36-->src\main\AndroidManifest.xml:27:9-29:39
37            android:name="com.pastillasCreator.pill_box.actividades.InfoActivity"
37-->src\main\AndroidManifest.xml:28:13-82
38            android:exported="true" />
38-->src\main\AndroidManifest.xml:29:13-36
39        <activity
39-->src\main\AndroidManifest.xml:30:9-32:40
40            android:name="com.pastillasCreator.pill_box.actividades.AppointmentAccumulatorActivity"
40-->src\main\AndroidManifest.xml:31:13-100
41            android:exported="false" />
41-->src\main\AndroidManifest.xml:32:13-37
42        <activity
42-->src\main\AndroidManifest.xml:33:9-35:40
43            android:name="com.pastillasCreator.pill_box.actividades.CalendarActivity"
43-->src\main\AndroidManifest.xml:34:13-86
44            android:exported="false" />
44-->src\main\AndroidManifest.xml:35:13-37
45        <activity
45-->src\main\AndroidManifest.xml:36:9-38:39
46            android:name="com.pastillasCreator.pill_box.actividades.AppointmentCreatorActivity"
46-->src\main\AndroidManifest.xml:37:13-96
47            android:exported="true" />
47-->src\main\AndroidManifest.xml:38:13-36
48        <activity
48-->src\main\AndroidManifest.xml:39:9-41:39
49            android:name="com.pastillasCreator.pill_box.actividades.PillCreatorActivity"
49-->src\main\AndroidManifest.xml:40:13-89
50            android:exported="true" />
50-->src\main\AndroidManifest.xml:41:13-36
51        <activity
51-->src\main\AndroidManifest.xml:42:9-51:20
52            android:name="com.pastillasCreator.pill_box.actividades.MainActivity"
52-->src\main\AndroidManifest.xml:43:13-82
53            android:exported="true"
53-->src\main\AndroidManifest.xml:44:13-36
54            android:theme="@style/Theme.Pill_Box.NoActionBar" >
54-->src\main\AndroidManifest.xml:45:13-62
55            <intent-filter>
55-->src\main\AndroidManifest.xml:46:13-50:29
56                <action android:name="android.intent.action.MAIN" />
56-->src\main\AndroidManifest.xml:47:17-69
56-->src\main\AndroidManifest.xml:47:25-66
57
58                <category android:name="android.intent.category.LAUNCHER" />
58-->src\main\AndroidManifest.xml:49:17-77
58-->src\main\AndroidManifest.xml:49:27-74
59            </intent-filter>
60        </activity>
61        <activity android:name="com.pastillasCreator.pill_box.herramientas.FunctionsWhenClick" />
61-->src\main\AndroidManifest.xml:52:9-98
61-->src\main\AndroidManifest.xml:52:19-95
62
63        <provider
63-->[androidx.emoji2:emoji2:1.0.0] AndroidManifest.xml:26:9-34:20
64            android:name="androidx.startup.InitializationProvider"
64-->[androidx.emoji2:emoji2:1.0.0] AndroidManifest.xml:27:13-67
65            android:authorities="com.example.pill_box.androidx-startup"
65-->[androidx.emoji2:emoji2:1.0.0] AndroidManifest.xml:28:13-68
66            android:exported="false" >
66-->[androidx.emoji2:emoji2:1.0.0] AndroidManifest.xml:29:13-37
67            <meta-data
67-->[androidx.emoji2:emoji2:1.0.0] AndroidManifest.xml:31:13-33:52
68                android:name="androidx.emoji2.text.EmojiCompatInitializer"
68-->[androidx.emoji2:emoji2:1.0.0] AndroidManifest.xml:32:17-75
69                android:value="androidx.startup" />
69-->[androidx.emoji2:emoji2:1.0.0] AndroidManifest.xml:33:17-49
70            <meta-data
70-->[androidx.lifecycle:lifecycle-process:2.4.0] AndroidManifest.xml:31:13-33:52
71                android:name="androidx.lifecycle.ProcessLifecycleInitializer"
71-->[androidx.lifecycle:lifecycle-process:2.4.0] AndroidManifest.xml:32:17-78
72                android:value="androidx.startup" />
72-->[androidx.lifecycle:lifecycle-process:2.4.0] AndroidManifest.xml:33:17-49
73        </provider>
74
75        <uses-library
75-->[androidx.window:window:1.0.0] AndroidManifest.xml:25:9-27:40
76            android:name="androidx.window.extensions"
76-->[androidx.window:window:1.0.0] AndroidManifest.xml:26:13-54
77            android:required="false" />
77-->[androidx.window:window:1.0.0] AndroidManifest.xml:27:13-37
78        <uses-library
78-->[androidx.window:window:1.0.0] AndroidManifest.xml:28:9-30:40
79            android:name="androidx.window.sidecar"
79-->[androidx.window:window:1.0.0] AndroidManifest.xml:29:13-51
80            android:required="false" />
80-->[androidx.window:window:1.0.0] AndroidManifest.xml:30:13-37
81    </application>
82
83</manifest>